
 ###################################################################
              Running query test on user 'ssb'
          Running against Local Database(s)

 ###################################################################


================================================================================
  RUNNING QUERIES OUT OF DIRECTORY 'working_ssb_compareLogOnly/misc'

Run time in seconds: 49

Local Passed  Local Failed  Ref Passed Ref Failed  Compare Passed Compare Failed
------------  ------------  ---------- ----------  -------------- --------------
      10             0           0          0            10              0

***** ALL TEST PASSED *****
================================================================================

================================================================================
  RUNNING QUERIES OUT OF DIRECTORY 'working_ssb_compareLogOnly/multijoin_ssb_dim'

Run time in seconds: 114

Local Passed  Local Failed  Ref Passed Ref Failed  Compare Passed Compare Failed
------------  ------------  ---------- ----------  -------------- --------------
      12             0           0          0            12              0

***** ALL TEST PASSED *****
================================================================================

================================================================================
  RUNNING QUERIES OUT OF DIRECTORY 'working_ssb_compareLogOnly/multijoin_ssb_dim_2colgrp'

Run time in seconds: 122

Local Passed  Local Failed  Ref Passed Ref Failed  Compare Passed Compare Failed
------------  ------------  ---------- ----------  -------------- --------------
      11             0           0          0            11              0

***** ALL TEST PASSED *****
================================================================================

================================================================================
  RUNNING QUERIES OUT OF DIRECTORY 'working_ssb_compareLogOnly/ssb'

Run time in seconds: 5

Local Passed  Local Failed  Ref Passed Ref Failed  Compare Passed Compare Failed
------------  ------------  ---------- ----------  -------------- --------------
      13             0           0          0            13              0

***** ALL TEST PASSED *****
================================================================================

================================================================================
  RUNNING QUERIES OUT OF DIRECTORY 'working_ssb_compareLogOnly/ssb_dim_mixed_outer_2colgrp'

Run time in seconds: 174

Local Passed  Local Failed  Ref Passed Ref Failed  Compare Passed Compare Failed
------------  ------------  ---------- ----------  -------------- --------------
      11             0           0          0            11              0

***** ALL TEST PASSED *****
================================================================================

================================================================================
  RUNNING QUERIES OUT OF DIRECTORY 'working_ssb_compareLogOnly/sub'

Run time in seconds: 42

Local Passed  Local Failed  Ref Passed Ref Failed  Compare Passed Compare Failed
------------  ------------  ---------- ----------  -------------- --------------
      62             0           0          0            62              0

***** ALL TEST PASSED *****
================================================================================


Totals:
Total Local Passed   = 119
Total Local Failed   = 0
Total Ref Passed     = 0
Total Ref Failed     = 0
Total Compare Passed = 119
Total Compare Failed = 0


QUERYTESTER RUN COMPLETED

 ###################################################################
              Running query test on user 'tpch1'
          Running against Local Database(s)

 ###################################################################


================================================================================
  RUNNING QUERIES OUT OF DIRECTORY 'working_tpch1/aggregation'

Run time in seconds: 5

Local Passed  Local Failed  Ref Passed Ref Failed  Compare Passed Compare Failed
------------  ------------  ---------- ----------  -------------- --------------
      14             0           0          0            14              0

***** ALL TEST PASSED *****
================================================================================

================================================================================
  RUNNING QUERIES OUT OF DIRECTORY 'working_tpch1/Bug1625'

Run time in seconds: 2

Local Passed  Local Failed  Ref Passed Ref Failed  Compare Passed Compare Failed
------------  ------------  ---------- ----------  -------------- --------------
       4             0           0          0             4              0

***** ALL TEST PASSED *****
================================================================================

================================================================================
  RUNNING QUERIES OUT OF DIRECTORY 'working_tpch1/distinct'

Run time in seconds: 10

Local Passed  Local Failed  Ref Passed Ref Failed  Compare Passed Compare Failed
------------  ------------  ---------- ----------  -------------- --------------
       7             0           0          0             7              0

***** ALL TEST PASSED *****
================================================================================

================================================================================
  RUNNING QUERIES OUT OF DIRECTORY 'working_tpch1/distinctAggregation'

Run time in seconds: 28

Local Passed  Local Failed  Ref Passed Ref Failed  Compare Passed Compare Failed
------------  ------------  ---------- ----------  -------------- --------------
       4             0           0          0             4              0

***** ALL TEST PASSED *****
================================================================================

================================================================================
  RUNNING QUERIES OUT OF DIRECTORY 'working_tpch1/dml'

Run time in seconds: 4

Local Passed  Local Failed  Ref Passed Ref Failed  Compare Passed Compare Failed
------------  ------------  ---------- ----------  -------------- --------------
       4             0           0          0             4              0

***** ALL TEST PASSED *****
================================================================================

================================================================================
  RUNNING QUERIES OUT OF DIRECTORY 'working_tpch1/group'

Run time in seconds: 10

Local Passed  Local Failed  Ref Passed Ref Failed  Compare Passed Compare Failed
------------  ------------  ---------- ----------  -------------- --------------
      38             0           0          0            38              0

***** ALL TEST PASSED *****
================================================================================

================================================================================
  RUNNING QUERIES OUT OF DIRECTORY 'working_tpch1/misc'

Run time in seconds: 179

Local Passed  Local Failed  Ref Passed Ref Failed  Compare Passed Compare Failed
------------  ------------  ---------- ----------  -------------- --------------
     103             0           0          0           103              0

***** ALL TEST PASSED *****
================================================================================

================================================================================
  RUNNING QUERIES OUT OF DIRECTORY 'working_tpch1/or'

Run time in seconds: 3

Local Passed  Local Failed  Ref Passed Ref Failed  Compare Passed Compare Failed
------------  ------------  ---------- ----------  -------------- --------------
      10             0           0          0            10              0

***** ALL TEST PASSED *****
================================================================================

================================================================================
  RUNNING QUERIES OUT OF DIRECTORY 'working_tpch1/postprocess'

Run time in seconds: 7

Local Passed  Local Failed  Ref Passed Ref Failed  Compare Passed Compare Failed
------------  ------------  ---------- ----------  -------------- --------------
      18             0           0          0            18              0

***** ALL TEST PASSED *****
================================================================================

================================================================================
  RUNNING QUERIES OUT OF DIRECTORY 'working_tpch1/qa_fe_cnxExpressions'

Run time in seconds: 32

Local Passed  Local Failed  Ref Passed Ref Failed  Compare Passed Compare Failed
------------  ------------  ---------- ----------  -------------- --------------
      15             0           0          0            15              0

***** ALL TEST PASSED *****
================================================================================

================================================================================
  RUNNING QUERIES OUT OF DIRECTORY 'working_tpch1/qa_fe_cnxFunctions'

Run time in seconds: 104

Local Passed  Local Failed  Ref Passed Ref Failed  Compare Passed Compare Failed
------------  ------------  ---------- ----------  -------------- --------------
     170             0           0          0           169              1

***** TEST FAILED 'working_tpch1/qa_fe_cnxFunctions' *****

Compare failed - working_tpch1/qa_fe_cnxFunctions/RIGHT.SM.sql
================================================================================

================================================================================
  RUNNING QUERIES OUT OF DIRECTORY 'working_tpch1/qa_fe_postProcessedFunctions'

Run time in seconds: 41

Local Passed  Local Failed  Ref Passed Ref Failed  Compare Passed Compare Failed
------------  ------------  ---------- ----------  -------------- --------------
      79             0           0          0            75              4

***** TEST FAILED 'working_tpch1/qa_fe_postProcessedFunctions' *****

Compare failed - working_tpch1/qa_fe_postProcessedFunctions/HOUR.DS.sql
Compare failed - working_tpch1/qa_fe_postProcessedFunctions/IF.NM.sql
Compare failed - working_tpch1/qa_fe_postProcessedFunctions/MAX.NC.sql
Compare failed - working_tpch1/qa_fe_postProcessedFunctions/MAX.SC.sql
================================================================================

================================================================================
  RUNNING QUERIES OUT OF DIRECTORY 'working_tpch1/union'

Run time in seconds: 24

Local Passed  Local Failed  Ref Passed Ref Failed  Compare Passed Compare Failed
------------  ------------  ---------- ----------  -------------- --------------
       7             0           0          0             7              0

***** ALL TEST PASSED *****
================================================================================

================================================================================
  RUNNING QUERIES OUT OF DIRECTORY 'working_tpch1/view'

Run time in seconds: 1

Local Passed  Local Failed  Ref Passed Ref Failed  Compare Passed Compare Failed
------------  ------------  ---------- ----------  -------------- --------------
       3             0           0          0             3              0

***** ALL TEST PASSED *****
================================================================================


Totals:
Total Local Passed   = 476
Total Local Failed   = 0
Total Ref Passed     = 0
Total Ref Failed     = 0
Total Compare Passed = 471
Total Compare Failed = 5


QUERYTESTER RUN COMPLETED

 ###################################################################
              Running query test on user 'tpch1'
          Running against Local Database(s)

 ###################################################################


================================================================================
  RUNNING QUERIES OUT OF DIRECTORY 'working_tpch1_calpontonly/iter17Queries'

Run time in seconds: 52

Local Passed  Local Failed  Ref Passed Ref Failed  Compare Passed Compare Failed
------------  ------------  ---------- ----------  -------------- --------------
      24             0           0          0             0              0

***** ALL TEST PASSED *****
================================================================================

================================================================================
  RUNNING QUERIES OUT OF DIRECTORY 'working_tpch1_calpontonly/misc'

Run time in seconds: 11

Local Passed  Local Failed  Ref Passed Ref Failed  Compare Passed Compare Failed
------------  ------------  ---------- ----------  -------------- --------------
       8             0           0          0             0              0

***** ALL TEST PASSED *****
================================================================================


Totals:
Total Local Passed   = 32
Total Local Failed   = 0
Total Ref Passed     = 0
Total Ref Failed     = 0
Total Compare Passed = 0
Total Compare Failed = 0


QUERYTESTER RUN COMPLETED

 ###################################################################
              Running query test on user 'tpch1'
          Running against Local Database(s)

 ###################################################################



%%%%% No query files in 'working_tpch1_compareLogOnly/dataValidation' directory %%%%%


%%%%% No query files in 'working_tpch1_compareLogOnly/functionsAndExpressions' directory %%%%%


%%%%% No query files in 'working_tpch1_compareLogOnly/misc' directory %%%%%


%%%%% No query files in 'working_tpch1_compareLogOnly/onClauseJoins' directory %%%%%


%%%%% No query files in 'working_tpch1_compareLogOnly/qa' directory %%%%%


%%%%% No query files in 'working_tpch1_compareLogOnly/stddev' directory %%%%%


%%%%% No query files in 'working_tpch1_compareLogOnly/sub' directory %%%%%


%%%%% No query files in 'working_tpch1_compareLogOnly/unsigned' directory %%%%%


%%%%% No query files in 'working_tpch1_compareLogOnly/view' directory %%%%%


%%%%% No query files in 'working_tpch1_compareLogOnly/wide' directory %%%%%


%%%%% No query files in 'working_tpch1_compareLogOnly/windowFunctions' directory %%%%%


Totals:
Total Local Passed   = 0
Total Local Failed   = 0
Total Ref Passed     = 0
Total Ref Failed     = 0
Total Compare Passed = 0
Total Compare Failed = 0


QUERYTESTER RUN COMPLETED
